<?xml version="1.0" encoding="UTF-8"?>
<!-- Generated by org.testng.reporters.JUnitXMLReporter -->
<testsuite ignored="0" hostname="MacBook-Pro.local" failures="0" tests="11" name="Test" time="0.052" errors="0" timestamp="2020-07-10T21:23:29 EDT">
  <testcase classname="TestNGIntro.ParallelDataprovidersIntro" name="testCase1" time="0.005"/>
  <testcase classname="TestNGIntro.ParallelDataprovidersIntro" name="testCase1" time="0.001"/>
  <testcase classname="TestNGIntro.ParallelDataprovidersIntro" name="testCase1" time="0.001"/>
  <testcase classname="TestNGIntro.ParallelDataprovidersIntro" name="testCase1" time="0.001"/>
  <testcase classname="TestNGIntro.ParallelDataprovidersIntro" name="testCase1" time="0.0"/>
  <testcase classname="TestNGIntro.ParallelDataprovidersIntro" name="testCase1" time="0.001"/>
  <testcase classname="TestNGIntro.ParallelDataprovidersIntro" name="testCase1" time="0.001"/>
  <testcase classname="TestNGIntro.ParallelDataprovidersIntro" name="testCase1" time="0.001"/>
  <testcase classname="TestNGIntro.ParallelDataprovidersIntro" name="testCase1" time="0.001"/>
  <testcase classname="TestNGIntro.ParallelDataprovidersIntro" name="testCase1" time="0.001"/>
  <testcase classname="TestNGIntro.ParallelDataprovidersIntro" name="testCase1" time="0.001"/>
</testsuite> <!-- Test -->
